<?xml version="1.0" encoding="UTF-8"?>
<testng-results ignored="0" total="1" passed="1" failed="0" skipped="0">
  <reporter-output>
  </reporter-output>
  <suite started-at="2021-03-14T06:19:59 EDT" name="Default suite" finished-at="2021-03-14T06:20:04 EDT" duration-ms="5026">
    <groups>
    </groups>
    <test started-at="2021-03-14T06:19:59 EDT" name="Default test" finished-at="2021-03-14T06:20:04 EDT" duration-ms="5026">
      <class name="com.build.base.BasePageSetUpTest">
        <test-method signature="base()[pri:0, instance:com.build.base.BasePageSetUpTest@d4342c2]" started-at="2021-03-14T06:19:59 EDT" name="base" finished-at="2021-03-14T06:20:04 EDT" duration-ms="4966" status="PASS">
          <reporter-output>
          </reporter-output>
        </test-method> <!-- base -->
      </class> <!-- com.build.base.BasePageSetUpTest -->
    </test> <!-- Default test -->
  </suite> <!-- Default suite -->
</testng-results>
